<?xml version="1.0" encoding="UTF-8"?>
<!-- Generated by org.testng.reporters.JUnitXMLReporter -->
<testsuite ignored="0" hostname="HDC2-L-33245XC" failures="1" tests="2" name="Petal" time="3.099" errors="0" timestamp="2025-04-08T20:40:08 IST">
  <testcase classname="Petal.GetServiceTypes" name="testApi" time="2.631"/>
  <testcase classname="Petal.FindPatient" name="testFindPatient" time="0.0">
    <failure type="org.testng.TestNGException" message="
Found two providers called &amp;apos;patientdatareader&amp;apos; on class Petal.FindPatient">
      <![CDATA[org.testng.TestNGException: 
Found two providers called 'patientdatareader' on class Petal.FindPatient
at java.base/java.util.ArrayList.forEach(ArrayList.java:1597)
... Removed 25 stack frames]]>
    </failure>
  </testcase> <!-- testFindPatient -->
</testsuite> <!-- Petal -->
