<?xml version="1.0" encoding="UTF-8"?>
<!-- Generated by org.testng.reporters.JUnitXMLReporter -->
<testsuite ignored="0" hostname="HDC2-L-33245XC" failures="1" tests="4" name="Vitrai Tests" time="6.554" errors="0" timestamp="2025-06-06T14:44:02 IST">
  <testcase classname="Vitrai.CreateTask" name="createtask" time="5.497"/>
  <testcase classname="Vitrai.UpdateQuestionnaire" name="updatequestionnaire" time="1.027">
    <failure type="java.lang.AssertionError" message="Initial POST request failed. Status Code: 400, Response: {&amp;quot;type&amp;quot;:&amp;quot;https://tools.ietf.org/html/rfc9110#section-15.5.1&amp;quot;,&amp;quot;title&amp;quot;:&amp;quot;One or more validation errors occurred.&amp;quot;,&amp;quot;status&amp;quot;:400,&amp;quot;errors&amp;quot;:{&amp;quot;LinkId&amp;quot;:[&amp;quot;The LinkId field is required.&amp;quot;],&amp;quot;QuestionnaireResponseId&amp;quot;:[&amp;quot;The QuestionnaireResponseId field is required.&amp;quot;]},&amp;quot;traceId&amp;quot;:&amp;quot;00-4a9f1c302ab7d55d8176a580e0ca2841-3c060ed5af4d9a1d-00&amp;quot;}">
      <![CDATA[java.lang.AssertionError: Initial POST request failed. Status Code: 400, Response: {"type":"https://tools.ietf.org/html/rfc9110#section-15.5.1","title":"One or more validation errors occurred.","status":400,"errors":{"LinkId":["The LinkId field is required."],"QuestionnaireResponseId":["The QuestionnaireResponseId field is required."]},"traceId":"00-4a9f1c302ab7d55d8176a580e0ca2841-3c060ed5af4d9a1d-00"}
at Vitrai.UpdateQuestionnaire.updatequestionnaire(UpdateQuestionnaire.java:43)
at java.base/java.util.ArrayList.forEach(ArrayList.java:1597)
... Removed 26 stack frames]]>
    </failure>
  </testcase> <!-- updatequestionnaire -->
  <testcase classname="Vitrai.GetServiceRequest" name="getservicerequest" time="0.0">
    <skipped/>
  </testcase> <!-- getservicerequest -->
  <testcase classname="Vitrai.UpdateServiceRequest" name="updateservicerequest" time="0.0">
    <skipped/>
  </testcase> <!-- updateservicerequest -->
</testsuite> <!-- Vitrai Tests -->
