<?xml version="1.0" encoding="UTF-8"?>
<!-- Generated by org.testng.reporters.JUnitXMLReporter -->
<testsuite ignored="0" hostname="HDC2-L-33245XC" failures="0" tests="10" name="Petal Tests" time="26.727" errors="0" timestamp="2025-05-13T19:26:53 IST">
  <testcase classname="Petal.AddPatient" name="testFindPatient" time="6.516"/>
  <testcase classname="Petal.GetAvailability" name="AvailabilityforOrphan" time="1.972"/>
  <testcase classname="Petal.GetAvailability" name="AvailabilitywithClinic" time="1.104"/>
  <testcase classname="Petal.GetAvailability" name="Availabilitywithfamilydoctor" time="2.701"/>
  <testcase classname="Petal.FindPatient" name="testFindPatient" time="3.695"/>
  <testcase classname="Petal.GetServiceTypes" name="testApi" time="0.953"/>
  <testcase classname="Petal.LockAvailability" name="testPatchLockAvailability" time="1.973"/>
  <testcase classname="Petal.RenewAvailability" name="renewAvailability" time="0.97"/>
  <testcase classname="Petal.BookAppointment" name="bookappointment" time="3.105"/>
  <testcase classname="Petal.CancelAppointment" name="cancelappointment" time="1.205"/>
</testsuite> <!-- Petal Tests -->
