<?xml version="1.0" encoding="UTF-8"?>
<!-- Generated by org.testng.reporters.JUnitXMLReporter -->
<testsuite ignored="0" hostname="HDC2-L-33245XC" failures="0" tests="4" name="Vitrai Tests" time="23.543" errors="0" timestamp="2025-05-13T19:27:17 IST">
  <testcase classname="Vitrai.CreateTask" name="createtask" time="3.502"/>
  <testcase classname="Vitrai.UpdateQuestionnaire" name="updatequestionnaire" time="13.072"/>
  <testcase classname="Vitrai.GetServiceRequest" name="getservicerequest" time="5.021"/>
  <testcase classname="Vitrai.UpdateServiceRequest" name="updateservicerequest" time="1.92"/>
</testsuite> <!-- Vitrai Tests -->
