<?xml version="1.0" encoding="UTF-8"?>
<!-- Generated by org.testng.reporters.JUnitXMLReporter -->
<testsuite ignored="0" hostname="HDC2-L-33245XC" failures="0" tests="18" name="Petal Tests" time="0.337" errors="0" timestamp="2025-05-09T14:20:57 IST">
  <testcase classname="com.Petal.TestBase" name="@BeforeClass setUp" time="0.014">
    <failure type="java.lang.IllegalStateException" message="petal_baseUrl not found in properties file.">
      <![CDATA[java.lang.IllegalStateException: petal_baseUrl not found in properties file.
at com.Petal.ConfigLoader.getPetalsASEURL(ConfigLoader.java:29)
at com.Petal.TestBase.setUp(TestBase.java:14)
at java.base/java.util.ArrayList.forEach(ArrayList.java:1597)
... Removed 23 stack frames]]>
    </failure>
  </testcase> <!-- @BeforeClass setUp -->
  <testcase classname="com.Petal.TestBase" name="@BeforeClass setUp" time="0.001">
    <failure type="java.lang.IllegalStateException" message="petal_baseUrl not found in properties file.">
      <![CDATA[java.lang.IllegalStateException: petal_baseUrl not found in properties file.
at com.Petal.ConfigLoader.getPetalsASEURL(ConfigLoader.java:29)
at com.Petal.TestBase.setUp(TestBase.java:14)
at java.base/java.util.ArrayList.forEach(ArrayList.java:1597)
... Removed 23 stack frames]]>
    </failure>
  </testcase> <!-- @BeforeClass setUp -->
  <testcase classname="com.Petal.TestBase" name="@BeforeClass setUp" time="0.0">
    <failure type="java.lang.IllegalStateException" message="petal_baseUrl not found in properties file.">
      <![CDATA[java.lang.IllegalStateException: petal_baseUrl not found in properties file.
at com.Petal.ConfigLoader.getPetalsASEURL(ConfigLoader.java:29)
at com.Petal.TestBase.setUp(TestBase.java:14)
at java.base/java.util.ArrayList.forEach(ArrayList.java:1597)
... Removed 23 stack frames]]>
    </failure>
  </testcase> <!-- @BeforeClass setUp -->
  <testcase classname="com.Petal.TestBase" name="@BeforeClass setUp" time="0.001">
    <failure type="java.lang.IllegalStateException" message="petal_baseUrl not found in properties file.">
      <![CDATA[java.lang.IllegalStateException: petal_baseUrl not found in properties file.
at com.Petal.ConfigLoader.getPetalsASEURL(ConfigLoader.java:29)
at com.Petal.TestBase.setUp(TestBase.java:14)
at java.base/java.util.ArrayList.forEach(ArrayList.java:1597)
... Removed 23 stack frames]]>
    </failure>
  </testcase> <!-- @BeforeClass setUp -->
  <testcase classname="com.Petal.TestBase" name="@BeforeClass setUp" time="0.0">
    <failure type="java.lang.IllegalStateException" message="petal_baseUrl not found in properties file.">
      <![CDATA[java.lang.IllegalStateException: petal_baseUrl not found in properties file.
at com.Petal.ConfigLoader.getPetalsASEURL(ConfigLoader.java:29)
at com.Petal.TestBase.setUp(TestBase.java:14)
at java.base/java.util.ArrayList.forEach(ArrayList.java:1597)
... Removed 23 stack frames]]>
    </failure>
  </testcase> <!-- @BeforeClass setUp -->
  <testcase classname="com.Petal.TestBase" name="@BeforeClass setUp" time="0.0">
    <failure type="java.lang.IllegalStateException" message="petal_baseUrl not found in properties file.">
      <![CDATA[java.lang.IllegalStateException: petal_baseUrl not found in properties file.
at com.Petal.ConfigLoader.getPetalsASEURL(ConfigLoader.java:29)
at com.Petal.TestBase.setUp(TestBase.java:14)
at java.base/java.util.ArrayList.forEach(ArrayList.java:1597)
... Removed 23 stack frames]]>
    </failure>
  </testcase> <!-- @BeforeClass setUp -->
  <testcase classname="com.Petal.TestBase" name="@BeforeClass setUp" time="0.001">
    <failure type="java.lang.IllegalStateException" message="petal_baseUrl not found in properties file.">
      <![CDATA[java.lang.IllegalStateException: petal_baseUrl not found in properties file.
at com.Petal.ConfigLoader.getPetalsASEURL(ConfigLoader.java:29)
at com.Petal.TestBase.setUp(TestBase.java:14)
at java.base/java.util.ArrayList.forEach(ArrayList.java:1597)
... Removed 23 stack frames]]>
    </failure>
  </testcase> <!-- @BeforeClass setUp -->
  <testcase classname="com.Petal.TestBase" name="@BeforeClass setUp" time="0.0">
    <failure type="java.lang.IllegalStateException" message="petal_baseUrl not found in properties file.">
      <![CDATA[java.lang.IllegalStateException: petal_baseUrl not found in properties file.
at com.Petal.ConfigLoader.getPetalsASEURL(ConfigLoader.java:29)
at com.Petal.TestBase.setUp(TestBase.java:14)
at java.base/java.util.ArrayList.forEach(ArrayList.java:1597)
... Removed 23 stack frames]]>
    </failure>
  </testcase> <!-- @BeforeClass setUp -->
  <testcase classname="Petal.AddPatient" name="testFindPatient" time="0.0">
    <skipped/>
  </testcase> <!-- testFindPatient -->
  <testcase classname="Petal.AddPatient" name="testFindPatient" time="0.0">
    <skipped/>
  </testcase> <!-- testFindPatient -->
  <testcase classname="Petal.AddPatient" name="testFindPatient" time="0.001">
    <skipped/>
  </testcase> <!-- testFindPatient -->
  <testcase classname="Petal.AddPatient" name="testFindPatient" time="0.0">
    <skipped/>
  </testcase> <!-- testFindPatient -->
  <testcase classname="Petal.FindPatient" name="testFindPatient" time="0.0">
    <skipped/>
  </testcase> <!-- testFindPatient -->
  <testcase classname="Petal.FindPatient" name="testFindPatient" time="0.0">
    <skipped/>
  </testcase> <!-- testFindPatient -->
  <testcase classname="Petal.FindPatient" name="testFindPatient" time="0.0">
    <skipped/>
  </testcase> <!-- testFindPatient -->
  <testcase classname="Petal.FindPatient" name="testFindPatient" time="0.0">
    <skipped/>
  </testcase> <!-- testFindPatient -->
  <testcase classname="Petal.FindPatient" name="testFindPatient" time="0.0">
    <skipped/>
  </testcase> <!-- testFindPatient -->
  <testcase classname="Petal.FindPatient" name="testFindPatient" time="0.0">
    <skipped/>
  </testcase> <!-- testFindPatient -->
  <testcase classname="Petal.GetAvailability" name="AvailabilityforOrphan" time="0.0">
    <skipped/>
  </testcase> <!-- AvailabilityforOrphan -->
  <testcase classname="Petal.GetAvailability" name="AvailabilitywithClinic" time="0.0">
    <skipped/>
  </testcase> <!-- AvailabilitywithClinic -->
  <testcase classname="Petal.GetAvailability" name="Availabilitywithfamilydoctor" time="0.0">
    <skipped/>
  </testcase> <!-- Availabilitywithfamilydoctor -->
  <testcase classname="Petal.LockAvailability" name="testPatchLockAvailability" time="0.0">
    <skipped/>
  </testcase> <!-- testPatchLockAvailability -->
  <testcase classname="Petal.BookAppointment" name="bookappointment" time="0.0">
    <skipped/>
  </testcase> <!-- bookappointment -->
  <testcase classname="Petal.RefuseAvailability" name="refuseAvailability" time="0.0">
    <skipped/>
  </testcase> <!-- refuseAvailability -->
  <testcase classname="Petal.RenewAvailability" name="renewAvailability" time="0.0">
    <skipped/>
  </testcase> <!-- renewAvailability -->
  <testcase classname="Petal.CancelAppointment" name="cancelappointment" time="0.0">
    <skipped/>
  </testcase> <!-- cancelappointment -->
</testsuite> <!-- Petal Tests -->
