<?xml version="1.0" encoding="UTF-8"?>
<!-- Generated by org.testng.reporters.JUnitXMLReporter -->
<testsuite ignored="0" hostname="HDC2-L-33245XC" failures="0" tests="4" name="Vitrai Tests" time="0.017" errors="0" timestamp="2025-05-09T14:20:57 IST">
  <testcase classname="Vitrai.CreateTask" name="createtask" time="0.0">
    <skipped/>
  </testcase> <!-- createtask -->
  <testcase classname="Vitrai.UpdateQuestionnaire" name="updatequestionnaire" time="0.0">
    <skipped/>
  </testcase> <!-- updatequestionnaire -->
  <testcase classname="Vitrai.GetServiceRequest" name="getservicerequest" time="0.0">
    <skipped/>
  </testcase> <!-- getservicerequest -->
  <testcase classname="Vitrai.UpdateServiceRequest" name="updateservicerequest" time="0.0">
    <skipped/>
  </testcase> <!-- updateservicerequest -->
</testsuite> <!-- Vitrai Tests -->
